Started GET "/" for ::1 at 2022-04-25 06:52:29 +0200
  
ActiveRecord::NoDatabaseError (We could not find your database: Blog_development. Which can be found in the database configuration file located at config/database.yml.

To resolve this issue:

- Did you create the database for this app, or delete it? You may need to create your database.
- Has the database name changed? Check your database.yml config has the correct database name.

To create your database, run:

        bin/rails db:create
):
  
activerecord (7.0.2.3) lib/active_record/connection_adapters/postgresql_adapter.rb:81:in `rescue in new_client'
activerecord (7.0.2.3) lib/active_record/connection_adapters/postgresql_adapter.rb:77:in `new_client'
activerecord (7.0.2.3) lib/active_record/connection_adapters/postgresql_adapter.rb:37:in `postgresql_connection'
activerecord (7.0.2.3) lib/active_record/connection_adapters/abstract/connection_pool.rb:656:in `public_send'
activerecord (7.0.2.3) lib/active_record/connection_adapters/abstract/connection_pool.rb:656:in `new_connection'
activerecord (7.0.2.3) lib/active_record/connection_adapters/abstract/connection_pool.rb:700:in `checkout_new_connection'
activerecord (7.0.2.3) lib/active_record/connection_adapters/abstract/connection_pool.rb:679:in `try_to_checkout_new_connection'
activerecord (7.0.2.3) lib/active_record/connection_adapters/abstract/connection_pool.rb:640:in `acquire_connection'
activerecord (7.0.2.3) lib/active_record/connection_adapters/abstract/connection_pool.rb:341:in `checkout'
activerecord (7.0.2.3) lib/active_record/connection_adapters/abstract/connection_pool.rb:181:in `connection'
activerecord (7.0.2.3) lib/active_record/connection_adapters/abstract/connection_handler.rb:211:in `retrieve_connection'
activerecord (7.0.2.3) lib/active_record/connection_handling.rb:313:in `retrieve_connection'
activerecord (7.0.2.3) lib/active_record/connection_handling.rb:280:in `connection'
activerecord (7.0.2.3) lib/active_record/migration.rb:613:in `connection'
activerecord (7.0.2.3) lib/active_record/migration.rb:608:in `build_watcher'
activerecord (7.0.2.3) lib/active_record/migration.rb:590:in `block in call'
activerecord (7.0.2.3) lib/active_record/migration.rb:589:in `synchronize'
activerecord (7.0.2.3) lib/active_record/migration.rb:589:in `call'
actionpack (7.0.2.3) lib/action_dispatch/middleware/callbacks.rb:27:in `block in call'
activesupport (7.0.2.3) lib/active_support/callbacks.rb:99:in `run_callbacks'
actionpack (7.0.2.3) lib/action_dispatch/middleware/callbacks.rb:26:in `call'
actionpack (7.0.2.3) lib/action_dispatch/middleware/executor.rb:14:in `call'
actionpack (7.0.2.3) lib/action_dispatch/middleware/actionable_exceptions.rb:17:in `call'
actionpack (7.0.2.3) lib/action_dispatch/middleware/debug_exceptions.rb:28:in `call'
web-console (4.2.0) lib/web_console/middleware.rb:132:in `call_app'
web-console (4.2.0) lib/web_console/middleware.rb:28:in `block in call'
web-console (4.2.0) lib/web_console/middleware.rb:17:in `catch'
web-console (4.2.0) lib/web_console/middleware.rb:17:in `call'
actionpack (7.0.2.3) lib/action_dispatch/middleware/show_exceptions.rb:26:in `call'
railties (7.0.2.3) lib/rails/rack/logger.rb:36:in `call_app'
railties (7.0.2.3) lib/rails/rack/logger.rb:25:in `block in call'
activesupport (7.0.2.3) lib/active_support/tagged_logging.rb:99:in `block in tagged'
activesupport (7.0.2.3) lib/active_support/tagged_logging.rb:37:in `tagged'
activesupport (7.0.2.3) lib/active_support/tagged_logging.rb:99:in `tagged'
railties (7.0.2.3) lib/rails/rack/logger.rb:25:in `call'
sprockets-rails (3.4.2) lib/sprockets/rails/quiet_assets.rb:13:in `call'
actionpack (7.0.2.3) lib/action_dispatch/middleware/remote_ip.rb:93:in `call'
actionpack (7.0.2.3) lib/action_dispatch/middleware/request_id.rb:26:in `call'
rack (2.2.3) lib/rack/method_override.rb:24:in `call'
rack (2.2.3) lib/rack/runtime.rb:22:in `call'
activesupport (7.0.2.3) lib/active_support/cache/strategy/local_cache_middleware.rb:29:in `call'
actionpack (7.0.2.3) lib/action_dispatch/middleware/server_timing.rb:20:in `call'
actionpack (7.0.2.3) lib/action_dispatch/middleware/executor.rb:14:in `call'
actionpack (7.0.2.3) lib/action_dispatch/middleware/static.rb:23:in `call'
rack (2.2.3) lib/rack/sendfile.rb:110:in `call'
actionpack (7.0.2.3) lib/action_dispatch/middleware/host_authorization.rb:137:in `call'
railties (7.0.2.3) lib/rails/engine.rb:530:in `call'
puma (5.6.4) lib/puma/configuration.rb:252:in `call'
puma (5.6.4) lib/puma/request.rb:77:in `block in handle_request'
puma (5.6.4) lib/puma/thread_pool.rb:340:in `with_force_shutdown'
puma (5.6.4) lib/puma/request.rb:76:in `handle_request'
puma (5.6.4) lib/puma/server.rb:441:in `process_client'
puma (5.6.4) lib/puma/thread_pool.rb:147:in `block in spawn_thread'
Started POST "/rails/actions" for ::1 at 2022-04-25 06:52:33 +0200
  [1m[35m (1572.0ms)[0m  [1m[35mCREATE DATABASE "Blog_development" ENCODING = 'unicode'[0m
  [1m[35m (786.3ms)[0m  [1m[35mCREATE DATABASE "Blog_test" ENCODING = 'unicode'[0m
Started POST "/rails/actions" for ::1 at 2022-04-25 06:52:36 +0200
  [1m[35m (1.0ms)[0m  [1m[35mCREATE DATABASE "Blog_development" ENCODING = 'unicode'[0m
  [1m[35m (0.4ms)[0m  [1m[35mCREATE DATABASE "Blog_test" ENCODING = 'unicode'[0m
Started GET "/" for ::1 at 2022-04-25 06:52:36 +0200
Processing by Rails::WelcomeController#index as HTML
  Rendering /home/dejan/.rbenv/versions/3.0.1/lib/ruby/gems/3.0.0/gems/railties-7.0.2.3/lib/rails/templates/rails/welcome/index.html.erb
  Rendered /home/dejan/.rbenv/versions/3.0.1/lib/ruby/gems/3.0.0/gems/railties-7.0.2.3/lib/rails/templates/rails/welcome/index.html.erb (Duration: 7.7ms | Allocations: 415)
Completed 200 OK in 36ms (Views: 19.0ms | ActiveRecord: 0.0ms | Allocations: 4450)


Started GET "/" for ::1 at 2022-04-25 07:48:45 +0200
Processing by UsersController#index as HTML
  Rendering layout layouts/application.html.erb
  Rendering users/index.html.erb within layouts/application
  Rendered users/index.html.erb within layouts/application (Duration: 1.4ms | Allocations: 146)
  Rendered layout layouts/application.html.erb (Duration: 429.1ms | Allocations: 86197)
Completed 200 OK in 433ms (Views: 430.8ms | Allocations: 87479)


Started GET "/show" for ::1 at 2022-04-25 07:48:59 +0200
  
ActionController::RoutingError (No route matches [GET] "/show"):
  
Started GET "/posts" for ::1 at 2022-04-25 07:49:09 +0200
  
ActionController::RoutingError (No route matches [GET] "/posts"):
  
Started GET "/posts" for ::1 at 2022-04-25 07:49:21 +0200
  
ActionController::RoutingError (No route matches [GET] "/posts"):
  
Started GET "/posts" for ::1 at 2022-04-25 07:49:27 +0200
  
ActionController::RoutingError (No route matches [GET] "/posts"):
  
Started GET "/" for ::1 at 2022-04-25 07:49:33 +0200
Processing by UsersController#index as HTML
  Rendering layout layouts/application.html.erb
  Rendering users/index.html.erb within layouts/application
  Rendered users/index.html.erb within layouts/application (Duration: 0.1ms | Allocations: 15)
  Rendered layout layouts/application.html.erb (Duration: 11.7ms | Allocations: 2348)
Completed 200 OK in 14ms (Views: 13.1ms | Allocations: 2704)


Started GET "/" for ::1 at 2022-04-25 07:49:47 +0200
Processing by UsersController#index as HTML
  Rendering layout layouts/application.html.erb
  Rendering users/index.html.erb within layouts/application
  Rendered users/index.html.erb within layouts/application (Duration: 0.2ms | Allocations: 15)
  Rendered layout layouts/application.html.erb (Duration: 8.3ms | Allocations: 2241)
Completed 200 OK in 12ms (Views: 10.3ms | Allocations: 2563)


Started GET "/users/show" for ::1 at 2022-04-25 07:49:57 +0200
Processing by UsersController#show as HTML
  Parameters: {"id"=>"show"}
  Rendering layout layouts/application.html.erb
  Rendering users/show.html.erb within layouts/application
  Rendered users/show.html.erb within layouts/application (Duration: 0.6ms | Allocations: 118)
  Rendered layout layouts/application.html.erb (Duration: 3.9ms | Allocations: 2324)
Completed 200 OK in 5ms (Views: 4.6ms | Allocations: 2697)


Started GET "/users/posts" for ::1 at 2022-04-25 07:50:09 +0200
Processing by UsersController#show as HTML
  Parameters: {"id"=>"posts"}
  Rendering layout layouts/application.html.erb
  Rendering users/show.html.erb within layouts/application
  Rendered users/show.html.erb within layouts/application (Duration: 0.1ms | Allocations: 15)
  Rendered layout layouts/application.html.erb (Duration: 11.0ms | Allocations: 2227)
Completed 200 OK in 15ms (Views: 12.7ms | Allocations: 2545)


Started GET "/users/posts/show" for ::1 at 2022-04-25 07:50:23 +0200
  
ActionController::RoutingError (No route matches [GET] "/users/posts/show"):
  
Started GET "/posts" for ::1 at 2022-04-25 07:50:34 +0200
  
ActionController::RoutingError (No route matches [GET] "/posts"):
  
Started GET "/" for ::1 at 2022-04-25 07:50:46 +0200
Processing by UsersController#index as HTML
  Rendering layout layouts/application.html.erb
  Rendering users/index.html.erb within layouts/application
  Rendered users/index.html.erb within layouts/application (Duration: 0.1ms | Allocations: 15)
  Rendered layout layouts/application.html.erb (Duration: 9.9ms | Allocations: 2240)
Completed 200 OK in 13ms (Views: 12.3ms | Allocations: 2559)


Started GET "/users/posts" for ::1 at 2022-04-25 07:50:55 +0200
Processing by UsersController#show as HTML
  Parameters: {"id"=>"posts"}
  Rendering layout layouts/application.html.erb
  Rendering users/show.html.erb within layouts/application
  Rendered users/show.html.erb within layouts/application (Duration: 0.1ms | Allocations: 15)
  Rendered layout layouts/application.html.erb (Duration: 6.9ms | Allocations: 2225)
Completed 200 OK in 9ms (Views: 8.6ms | Allocations: 2543)


Started GET "/users/index" for ::1 at 2022-04-25 07:51:34 +0200
Processing by UsersController#show as HTML
  Parameters: {"id"=>"index"}
  Rendering layout layouts/application.html.erb
  Rendering users/show.html.erb within layouts/application
  Rendered users/show.html.erb within layouts/application (Duration: 0.1ms | Allocations: 15)
  Rendered layout layouts/application.html.erb (Duration: 8.8ms | Allocations: 2233)
Completed 200 OK in 14ms (Views: 13.6ms | Allocations: 2551)


Started GET "/users/" for ::1 at 2022-04-25 07:51:58 +0200
Processing by UsersController#index as HTML
  Rendering layout layouts/application.html.erb
  Rendering users/index.html.erb within layouts/application
  Rendered users/index.html.erb within layouts/application (Duration: 0.1ms | Allocations: 15)
  Rendered layout layouts/application.html.erb (Duration: 6.8ms | Allocations: 2229)
Completed 200 OK in 9ms (Views: 8.7ms | Allocations: 2547)


Started GET "/users/show" for ::1 at 2022-04-25 07:52:05 +0200
Processing by UsersController#show as HTML
  Parameters: {"id"=>"show"}
  Rendering layout layouts/application.html.erb
  Rendering users/show.html.erb within layouts/application
  Rendered users/show.html.erb within layouts/application (Duration: 0.1ms | Allocations: 15)
  Rendered layout layouts/application.html.erb (Duration: 3.1ms | Allocations: 2227)
Completed 200 OK in 5ms (Views: 4.7ms | Allocations: 2545)


Started GET "/posts/index" for ::1 at 2022-04-25 07:52:18 +0200
  
ActionController::RoutingError (No route matches [GET] "/posts/index"):
  
Started GET "/" for ::1 at 2022-04-25 07:52:48 +0200
Processing by UsersController#index as HTML
  Rendering layout layouts/application.html.erb
  Rendering users/index.html.erb within layouts/application
  Rendered users/index.html.erb within layouts/application (Duration: 0.1ms | Allocations: 15)
  Rendered layout layouts/application.html.erb (Duration: 4.0ms | Allocations: 2242)
Completed 200 OK in 5ms (Views: 4.5ms | Allocations: 2561)


Started GET "/posts" for ::1 at 2022-04-25 07:52:57 +0200
  
ActionController::RoutingError (No route matches [GET] "/posts"):
  
Started GET "/users/posts" for ::1 at 2022-04-25 07:53:58 +0200
Processing by UsersController#show as HTML
  Parameters: {"id"=>"posts"}
  Rendering layout layouts/application.html.erb
  Rendering users/show.html.erb within layouts/application
  Rendered users/show.html.erb within layouts/application (Duration: 0.1ms | Allocations: 15)
  Rendered layout layouts/application.html.erb (Duration: 8.2ms | Allocations: 2238)
Completed 200 OK in 10ms (Views: 9.5ms | Allocations: 2558)


Started GET "/" for ::1 at 2022-04-25 07:54:16 +0200
Processing by UsersController#index as HTML
  Rendering layout layouts/application.html.erb
  Rendering users/index.html.erb within layouts/application
  Rendered users/index.html.erb within layouts/application (Duration: 0.1ms | Allocations: 15)
  Rendered layout layouts/application.html.erb (Duration: 6.6ms | Allocations: 2229)
Completed 200 OK in 10ms (Views: 9.5ms | Allocations: 2547)


Started GET "/users/posts/index" for ::1 at 2022-04-25 07:54:31 +0200
  
ActionController::RoutingError (No route matches [GET] "/users/posts/index"):
  
Started GET "/posts/show" for ::1 at 2022-04-25 07:55:30 +0200
  
ActionController::RoutingError (No route matches [GET] "/posts/show"):
  
Started GET "//users/:user_id/posts/:id(.:format)" for ::1 at 2022-04-25 07:55:49 +0200
Processing by PostsController#show as */*
  Parameters: {"user_id"=>":user_id", "id"=>":id("}
  Rendering layout layouts/application.html.erb
  Rendering posts/show.html.erb within layouts/application
  Rendered posts/show.html.erb within layouts/application (Duration: 0.4ms | Allocations: 147)
  Rendered layout layouts/application.html.erb (Duration: 5.0ms | Allocations: 2639)
Completed 200 OK in 8ms (Views: 7.3ms | Allocations: 3651)


Started GET "//users/:user_id/posts(.:format)" for ::1 at 2022-04-25 07:56:53 +0200
  
ActionController::RoutingError (No route matches [GET] "/users/:user_id/posts(.:format)"):
  
Started GET "/users/:user_id/posts(.:format)t)" for ::1 at 2022-04-25 07:57:06 +0200
  
ActionController::RoutingError (No route matches [GET] "/users/:user_id/posts(.:format)t)"):
  
Started GET "/users/:user_id/posts(.:format)" for ::1 at 2022-04-25 07:57:23 +0200
  
ActionController::RoutingError (No route matches [GET] "/users/:user_id/posts(.:format)"):
  
Started GET "/users/:user_id/posts/:id(.:format)" for ::1 at 2022-04-25 07:57:38 +0200
Processing by PostsController#show as */*
  Parameters: {"user_id"=>":user_id", "id"=>":id("}
  Rendering layout layouts/application.html.erb
  Rendering posts/show.html.erb within layouts/application
  Rendered posts/show.html.erb within layouts/application (Duration: 0.1ms | Allocations: 15)
  Rendered layout layouts/application.html.erb (Duration: 6.4ms | Allocations: 2240)
Completed 200 OK in 11ms (Views: 10.1ms | Allocations: 2576)


Started GET "/" for ::1 at 2022-04-25 08:00:40 +0200
Processing by Rails::WelcomeController#index as HTML
  Rendering /home/dejan/.rbenv/versions/3.0.1/lib/ruby/gems/3.0.0/gems/railties-7.0.2.3/lib/rails/templates/rails/welcome/index.html.erb
  Rendered /home/dejan/.rbenv/versions/3.0.1/lib/ruby/gems/3.0.0/gems/railties-7.0.2.3/lib/rails/templates/rails/welcome/index.html.erb (Duration: 1.5ms | Allocations: 404)
Completed 200 OK in 8ms (Views: 4.9ms | Allocations: 1344)


Started GET "/users/posts" for ::1 at 2022-04-25 08:00:53 +0200
Processing by UsersController#show as HTML
  Parameters: {"id"=>"posts"}
  Rendering layout layouts/application.html.erb
  Rendering users/show.html.erb within layouts/application
  Rendered users/show.html.erb within layouts/application (Duration: 0.1ms | Allocations: 23)
  Rendered layout layouts/application.html.erb (Duration: 28.8ms | Allocations: 13640)
Completed 200 OK in 32ms (Views: 31.7ms | Allocations: 14525)


Started GET "/users/posts/show" for ::1 at 2022-04-25 08:01:10 +0200
  
ActionController::RoutingError (No route matches [GET] "/users/posts/show"):
  
Started GET "/posts" for ::1 at 2022-04-25 08:01:23 +0200
  
ActionController::RoutingError (No route matches [GET] "/posts"):
  
Started GET "/" for ::1 at 2022-04-25 08:02:15 +0200
Processing by Rails::WelcomeController#index as HTML
  Rendering /home/dejan/.rbenv/versions/3.0.1/lib/ruby/gems/3.0.0/gems/railties-7.0.2.3/lib/rails/templates/rails/welcome/index.html.erb
  Rendered /home/dejan/.rbenv/versions/3.0.1/lib/ruby/gems/3.0.0/gems/railties-7.0.2.3/lib/rails/templates/rails/welcome/index.html.erb (Duration: 2.1ms | Allocations: 724)
Completed 200 OK in 13ms (Views: 5.6ms | ActiveRecord: 0.0ms | Allocations: 6375)


Started GET "/users/posts" for ::1 at 2022-04-25 08:02:30 +0200
Processing by UsersController#show as HTML
  Parameters: {"id"=>"posts"}
  Rendering layout layouts/application.html.erb
  Rendering users/show.html.erb within layouts/application
  Rendered users/show.html.erb within layouts/application (Duration: 0.7ms | Allocations: 146)
  Rendered layout layouts/application.html.erb (Duration: 56.5ms | Allocations: 33923)
Completed 200 OK in 59ms (Views: 58.2ms | ActiveRecord: 0.0ms | Allocations: 35224)


Started GET "/users" for ::1 at 2022-04-25 08:02:41 +0200
Processing by UsersController#index as HTML
  Rendering layout layouts/application.html.erb
  Rendering users/index.html.erb within layouts/application
  Rendered users/index.html.erb within layouts/application (Duration: 1.3ms | Allocations: 120)
  Rendered layout layouts/application.html.erb (Duration: 4.3ms | Allocations: 2331)
Completed 200 OK in 7ms (Views: 6.4ms | ActiveRecord: 0.0ms | Allocations: 2729)


Started GET "/users/show" for ::1 at 2022-04-25 08:02:47 +0200
Processing by UsersController#show as HTML
  Parameters: {"id"=>"show"}
  Rendering layout layouts/application.html.erb
  Rendering users/show.html.erb within layouts/application
  Rendered users/show.html.erb within layouts/application (Duration: 0.1ms | Allocations: 15)
  Rendered layout layouts/application.html.erb (Duration: 7.6ms | Allocations: 2234)
Completed 200 OK in 13ms (Views: 11.8ms | ActiveRecord: 0.0ms | Allocations: 2558)


Started GET "/posts" for ::1 at 2022-04-25 08:03:00 +0200
  
ActionController::RoutingError (No route matches [GET] "/posts"):
  
Started GET "/" for ::1 at 2022-04-25 08:05:09 +0200
Processing by UsersController#index as HTML
  Rendering layout layouts/application.html.erb
  Rendering users/index.html.erb within layouts/application
  Rendered users/index.html.erb within layouts/application (Duration: 0.1ms | Allocations: 23)
  Rendered layout layouts/application.html.erb (Duration: 12.5ms | Allocations: 13542)
Completed 200 OK in 15ms (Views: 14.0ms | ActiveRecord: 0.0ms | Allocations: 14436)


Started GET "/" for ::1 at 2022-04-25 11:06:37 +0200
Processing by UsersController#index as HTML
  Rendering layout layouts/application.html.erb
  Rendering users/index.html.erb within layouts/application
  Rendered users/index.html.erb within layouts/application (Duration: 1.1ms | Allocations: 443)
  Rendered layout layouts/application.html.erb (Duration: 89.7ms | Allocations: 34312)
Completed 200 OK in 102ms (Views: 95.5ms | ActiveRecord: 0.0ms | Allocations: 40117)


Started GET "/users" for ::1 at 2022-04-25 11:06:47 +0200
Processing by UsersController#index as HTML
  Rendering layout layouts/application.html.erb
  Rendering users/index.html.erb within layouts/application
  Rendered users/index.html.erb within layouts/application (Duration: 0.1ms | Allocations: 17)
  Rendered layout layouts/application.html.erb (Duration: 3.5ms | Allocations: 2400)
Completed 200 OK in 5ms (Views: 4.5ms | ActiveRecord: 0.0ms | Allocations: 2785)


Started GET "/users/show" for ::1 at 2022-04-25 11:06:54 +0200
Processing by UsersController#show as HTML
  Parameters: {"id"=>"show"}
  Rendering layout layouts/application.html.erb
  Rendering users/show.html.erb within layouts/application
  Rendered users/show.html.erb within layouts/application (Duration: 1.1ms | Allocations: 139)
  Rendered layout layouts/application.html.erb (Duration: 13.9ms | Allocations: 2366)
Completed 200 OK in 22ms (Views: 20.9ms | ActiveRecord: 0.0ms | Allocations: 2767)


Started GET "/users/show" for ::1 at 2022-04-25 11:07:08 +0200
Processing by UsersController#show as HTML
  Parameters: {"id"=>"show"}
  Rendering layout layouts/application.html.erb
  Rendering users/show.html.erb within layouts/application
  Rendered users/show.html.erb within layouts/application (Duration: 0.1ms | Allocations: 15)
  Rendered layout layouts/application.html.erb (Duration: 11.9ms | Allocations: 2227)
Completed 200 OK in 22ms (Views: 20.3ms | ActiveRecord: 0.0ms | Allocations: 2547)


Started GET "/users/" for ::1 at 2022-04-25 11:07:15 +0200
Processing by UsersController#index as HTML
  Rendering layout layouts/application.html.erb
  Rendering users/index.html.erb within layouts/application
  Rendered users/index.html.erb within layouts/application (Duration: 0.1ms | Allocations: 15)
  Rendered layout layouts/application.html.erb (Duration: 4.3ms | Allocations: 2232)
Completed 200 OK in 13ms (Views: 12.5ms | ActiveRecord: 0.0ms | Allocations: 2556)


Started GET "/users/posts" for ::1 at 2022-04-25 11:08:22 +0200
Processing by UsersController#show as HTML
  Parameters: {"id"=>"posts"}
  Rendering layout layouts/application.html.erb
  Rendering users/show.html.erb within layouts/application
  Rendered users/show.html.erb within layouts/application (Duration: 0.1ms | Allocations: 15)
  Rendered layout layouts/application.html.erb (Duration: 11.3ms | Allocations: 2238)
Completed 200 OK in 13ms (Views: 12.2ms | ActiveRecord: 0.0ms | Allocations: 2562)


Started GET "/posts" for ::1 at 2022-04-25 11:08:38 +0200
  
ActionController::RoutingError (No route matches [GET] "/posts"):
  
Started GET "/" for ::1 at 2022-04-25 11:08:57 +0200
Processing by UsersController#index as HTML
  Rendering layout layouts/application.html.erb
  Rendering users/index.html.erb within layouts/application
  Rendered users/index.html.erb within layouts/application (Duration: 1.7ms | Allocations: 15)
  Rendered layout layouts/application.html.erb (Duration: 23.3ms | Allocations: 2404)
Completed 200 OK in 37ms (Views: 29.2ms | ActiveRecord: 0.0ms | Allocations: 2761)


Started GET "/users/0/posts" for ::1 at 2022-04-25 11:09:14 +0200
Processing by PostsController#index as HTML
  Parameters: {"user_id"=>"0"}
  Rendering layout layouts/application.html.erb
  Rendering posts/index.html.erb within layouts/application
  Rendered posts/index.html.erb within layouts/application (Duration: 0.5ms | Allocations: 144)
  Rendered layout layouts/application.html.erb (Duration: 8.1ms | Allocations: 2625)
Completed 200 OK in 10ms (Views: 9.7ms | ActiveRecord: 0.0ms | Allocations: 3641)


Started GET "/users/0/posts/show" for ::1 at 2022-04-25 11:09:22 +0200
Processing by PostsController#show as HTML
  Parameters: {"user_id"=>"0", "id"=>"show"}
  Rendering layout layouts/application.html.erb
  Rendering posts/show.html.erb within layouts/application
  Rendered posts/show.html.erb within layouts/application (Duration: 1.3ms | Allocations: 121)
  Rendered layout layouts/application.html.erb (Duration: 7.5ms | Allocations: 2347)
Completed 200 OK in 16ms (Views: 10.4ms | ActiveRecord: 0.0ms | Allocations: 2754)


